E, [2018-05-18T19:16:27.013924 #12903] ERROR -- Kitchen: ------Exception-------
E, [2018-05-18T19:16:27.013999 #12903] ERROR -- Kitchen: Class: Kitchen::UserError
E, [2018-05-18T19:16:27.014048 #12903] ERROR -- Kitchen: Message: Kitchen YAML file /home/bipin/Workspace/cookbooks/ssh_auth_keys/.kitchen.yml does not exist.
E, [2018-05-18T19:16:27.014063 #12903] ERROR -- Kitchen: ----------------------
E, [2018-05-18T19:16:27.014075 #12903] ERROR -- Kitchen: ------Backtrace-------
E, [2018-05-18T19:16:27.014087 #12903] ERROR -- Kitchen: /opt/chefdk/embedded/lib/ruby/gems/2.4.0/gems/test-kitchen-1.20.0/lib/kitchen/loader/yaml.rb:65:in `read'
E, [2018-05-18T19:16:27.014100 #12903] ERROR -- Kitchen: /opt/chefdk/embedded/lib/ruby/gems/2.4.0/gems/test-kitchen-1.20.0/lib/kitchen/config.rb:152:in `data'
E, [2018-05-18T19:16:27.014125 #12903] ERROR -- Kitchen: /opt/chefdk/embedded/lib/ruby/gems/2.4.0/gems/test-kitchen-1.20.0/lib/kitchen/config.rb:131:in `suites'
E, [2018-05-18T19:16:27.014152 #12903] ERROR -- Kitchen: /opt/chefdk/embedded/lib/ruby/gems/2.4.0/gems/test-kitchen-1.20.0/lib/kitchen/config.rb:182:in `filter_instances'
E, [2018-05-18T19:16:27.014181 #12903] ERROR -- Kitchen: /opt/chefdk/embedded/lib/ruby/gems/2.4.0/gems/test-kitchen-1.20.0/lib/kitchen/config.rb:141:in `build_instances'
E, [2018-05-18T19:16:27.014193 #12903] ERROR -- Kitchen: /opt/chefdk/embedded/lib/ruby/gems/2.4.0/gems/test-kitchen-1.20.0/lib/kitchen/config.rb:117:in `instances'
E, [2018-05-18T19:16:27.014237 #12903] ERROR -- Kitchen: /opt/chefdk/embedded/lib/ruby/gems/2.4.0/gems/test-kitchen-1.20.0/lib/kitchen/command.rb:112:in `filtered_instances'
E, [2018-05-18T19:16:27.014250 #12903] ERROR -- Kitchen: /opt/chefdk/embedded/lib/ruby/gems/2.4.0/gems/test-kitchen-1.20.0/lib/kitchen/command.rb:142:in `parse_subcommand'
E, [2018-05-18T19:16:27.014277 #12903] ERROR -- Kitchen: /opt/chefdk/embedded/lib/ruby/gems/2.4.0/gems/test-kitchen-1.20.0/lib/kitchen/command/list.rb:30:in `call'
E, [2018-05-18T19:16:27.014306 #12903] ERROR -- Kitchen: /opt/chefdk/embedded/lib/ruby/gems/2.4.0/gems/test-kitchen-1.20.0/lib/kitchen/cli.rb:52:in `perform'
E, [2018-05-18T19:16:27.014318 #12903] ERROR -- Kitchen: /opt/chefdk/embedded/lib/ruby/gems/2.4.0/gems/test-kitchen-1.20.0/lib/kitchen/cli.rb:120:in `list'
E, [2018-05-18T19:16:27.014330 #12903] ERROR -- Kitchen: /opt/chefdk/embedded/lib/ruby/gems/2.4.0/gems/thor-0.19.1/lib/thor/command.rb:27:in `run'
E, [2018-05-18T19:16:27.014356 #12903] ERROR -- Kitchen: /opt/chefdk/embedded/lib/ruby/gems/2.4.0/gems/thor-0.19.1/lib/thor/invocation.rb:126:in `invoke_command'
E, [2018-05-18T19:16:27.014381 #12903] ERROR -- Kitchen: /opt/chefdk/embedded/lib/ruby/gems/2.4.0/gems/thor-0.19.1/lib/thor.rb:359:in `dispatch'
E, [2018-05-18T19:16:27.014393 #12903] ERROR -- Kitchen: /opt/chefdk/embedded/lib/ruby/gems/2.4.0/gems/thor-0.19.1/lib/thor/base.rb:440:in `start'
E, [2018-05-18T19:16:27.014419 #12903] ERROR -- Kitchen: /opt/chefdk/embedded/lib/ruby/gems/2.4.0/gems/test-kitchen-1.20.0/bin/kitchen:13:in `block in <top (required)>'
E, [2018-05-18T19:16:27.014444 #12903] ERROR -- Kitchen: /opt/chefdk/embedded/lib/ruby/gems/2.4.0/gems/test-kitchen-1.20.0/lib/kitchen/errors.rb:171:in `with_friendly_errors'
E, [2018-05-18T19:16:27.014456 #12903] ERROR -- Kitchen: /opt/chefdk/embedded/lib/ruby/gems/2.4.0/gems/test-kitchen-1.20.0/bin/kitchen:13:in `<top (required)>'
E, [2018-05-18T19:16:27.014482 #12903] ERROR -- Kitchen: /usr/bin/kitchen:250:in `load'
E, [2018-05-18T19:16:27.014507 #12903] ERROR -- Kitchen: /usr/bin/kitchen:250:in `<main>'
E, [2018-05-18T19:16:27.014519 #12903] ERROR -- Kitchen: ----End Backtrace-----
