I, [2016-08-11T23:35:05.742133 #12000]  INFO -- default-centos-72: -----> Converging <default-centos-72>...
I, [2016-08-11T23:35:05.744101 #12000]  INFO -- default-centos-72: Preparing files for transfer
I, [2016-08-11T23:35:05.746058 #12000]  INFO -- default-centos-72: Preparing dna.json
I, [2016-08-11T23:35:05.748022 #12000]  INFO -- default-centos-72: Berksfile, Cheffile, cookbooks/, or metadata.rb not found so Chef will run with effectively no cookbooks. Is this intended?
I, [2016-08-11T23:35:05.752928 #12000]  INFO -- default-centos-72: Removing non-cookbook files before transfer
I, [2016-08-11T23:35:05.756878 #12000]  INFO -- default-centos-72: Preparing validation.pem
I, [2016-08-11T23:35:05.764704 #12000]  INFO -- default-centos-72: Preparing client.rb
I, [2016-08-11T23:35:07.841403 #12000]  INFO -- default-centos-72: -----> Chef Omnibus installation detected (install only if missing)
I, [2016-08-11T23:35:07.901822 #12000]  INFO -- default-centos-72: Transferring files to <default-centos-72>
I, [2016-08-11T23:35:09.298288 #12000]  INFO -- default-centos-72: Starting Chef Client, version 12.13.30
I, [2016-08-11T23:35:11.137902 #12000]  INFO -- default-centos-72: resolving cookbooks for run list: ["test::default"]
I, [2016-08-11T23:35:11.171265 #12000]  INFO -- default-centos-72: 
I, [2016-08-11T23:35:11.192881 #12000]  INFO -- default-centos-72: ================================================================================
I, [2016-08-11T23:35:11.192881 #12000]  INFO -- default-centos-72: Error Resolving Cookbooks for Run List:
I, [2016-08-11T23:35:11.192881 #12000]  INFO -- default-centos-72: ================================================================================
I, [2016-08-11T23:35:11.192881 #12000]  INFO -- default-centos-72: 
I, [2016-08-11T23:35:11.192881 #12000]  INFO -- default-centos-72: Missing Cookbooks:
I, [2016-08-11T23:35:11.192881 #12000]  INFO -- default-centos-72: ------------------
I, [2016-08-11T23:35:11.192881 #12000]  INFO -- default-centos-72: No such cookbook: test
I, [2016-08-11T23:35:11.192881 #12000]  INFO -- default-centos-72: 
I, [2016-08-11T23:35:11.194819 #12000]  INFO -- default-centos-72: Expanded Run List:
I, [2016-08-11T23:35:11.194819 #12000]  INFO -- default-centos-72: ------------------
I, [2016-08-11T23:35:11.194819 #12000]  INFO -- default-centos-72: * test::default
I, [2016-08-11T23:35:11.194819 #12000]  INFO -- default-centos-72: 
I, [2016-08-11T23:35:11.194819 #12000]  INFO -- default-centos-72: Platform:
I, [2016-08-11T23:35:11.194819 #12000]  INFO -- default-centos-72: ---------
I, [2016-08-11T23:35:11.194819 #12000]  INFO -- default-centos-72: x86_64-linux
I, [2016-08-11T23:35:11.194819 #12000]  INFO -- default-centos-72: 
I, [2016-08-11T23:35:11.194819 #12000]  INFO -- default-centos-72: 
I, [2016-08-11T23:35:11.194819 #12000]  INFO -- default-centos-72: Running handlers:
I, [2016-08-11T23:35:11.194819 #12000]  INFO -- default-centos-72: [2016-08-12T03:35:10+00:00] ERROR: Running exception handlers
I, [2016-08-11T23:35:11.194819 #12000]  INFO -- default-centos-72: Running handlers complete
I, [2016-08-11T23:35:11.194819 #12000]  INFO -- default-centos-72: [2016-08-12T03:35:10+00:00] ERROR: Exception handlers complete
I, [2016-08-11T23:35:11.195799 #12000]  INFO -- default-centos-72: Chef Client failed. 0 resources updated in 01 seconds
I, [2016-08-11T23:35:11.195799 #12000]  INFO -- default-centos-72: [2016-08-12T03:35:10+00:00] FATAL: Stacktrace dumped to /tmp/kitchen/cache/chef-stacktrace.out
I, [2016-08-11T23:35:11.195799 #12000]  INFO -- default-centos-72: [2016-08-12T03:35:10+00:00] FATAL: Please provide the contents of the stacktrace.out file if you file a bug report
I, [2016-08-11T23:35:11.195799 #12000]  INFO -- default-centos-72: [2016-08-12T03:35:10+00:00] ERROR: 412 "Precondition Failed"
I, [2016-08-11T23:35:13.204790 #12000]  INFO -- default-centos-72: [2016-08-12T03:35:12+00:00] FATAL: Chef::Exceptions::ChildConvergeError: Chef run process exited unsuccessfully (exit code 1)
E, [2016-08-11T23:35:13.287248 #12000] ERROR -- default-centos-72: Converge failed on instance <default-centos-72>.
E, [2016-08-11T23:35:13.288199 #12000] ERROR -- default-centos-72: ------Exception-------
E, [2016-08-11T23:35:13.288199 #12000] ERROR -- default-centos-72: Class: Kitchen::ActionFailed
E, [2016-08-11T23:35:13.289184 #12000] ERROR -- default-centos-72: Message: SSH exited (1) for command: [sh -c '
sudo -E /opt/chef/bin/chef-client --local-mode --config /tmp/kitchen/client.rb --log_level auto --force-formatter --no-color --json-attributes /tmp/kitchen/dna.json --chef-zero-port 8889 
']
E, [2016-08-11T23:35:13.289184 #12000] ERROR -- default-centos-72: ----------------------
E, [2016-08-11T23:35:13.289184 #12000] ERROR -- default-centos-72: ------Backtrace-------
E, [2016-08-11T23:35:13.290166 #12000] ERROR -- default-centos-72: C:/opscode/chefdk/embedded/lib/ruby/gems/2.1.0/gems/test-kitchen-1.10.2/lib/kitchen/provisioner/base.rb:86:in `rescue in call'
E, [2016-08-11T23:35:13.290166 #12000] ERROR -- default-centos-72: C:/opscode/chefdk/embedded/lib/ruby/gems/2.1.0/gems/test-kitchen-1.10.2/lib/kitchen/provisioner/base.rb:89:in `call'
E, [2016-08-11T23:35:13.291148 #12000] ERROR -- default-centos-72: C:/opscode/chefdk/embedded/lib/ruby/gems/2.1.0/gems/test-kitchen-1.10.2/lib/kitchen/instance.rb:373:in `block in converge_action'
E, [2016-08-11T23:35:13.291148 #12000] ERROR -- default-centos-72: C:/opscode/chefdk/embedded/lib/ruby/gems/2.1.0/gems/test-kitchen-1.10.2/lib/kitchen/instance.rb:513:in `call'
E, [2016-08-11T23:35:13.291148 #12000] ERROR -- default-centos-72: C:/opscode/chefdk/embedded/lib/ruby/gems/2.1.0/gems/test-kitchen-1.10.2/lib/kitchen/instance.rb:513:in `synchronize_or_call'
E, [2016-08-11T23:35:13.291148 #12000] ERROR -- default-centos-72: C:/opscode/chefdk/embedded/lib/ruby/gems/2.1.0/gems/test-kitchen-1.10.2/lib/kitchen/instance.rb:478:in `block in action'
E, [2016-08-11T23:35:13.292156 #12000] ERROR -- default-centos-72: C:/opscode/chefdk/embedded/lib/ruby/2.1.0/benchmark.rb:279:in `measure'
E, [2016-08-11T23:35:13.292156 #12000] ERROR -- default-centos-72: C:/opscode/chefdk/embedded/lib/ruby/gems/2.1.0/gems/test-kitchen-1.10.2/lib/kitchen/instance.rb:477:in `action'
E, [2016-08-11T23:35:13.292156 #12000] ERROR -- default-centos-72: C:/opscode/chefdk/embedded/lib/ruby/gems/2.1.0/gems/test-kitchen-1.10.2/lib/kitchen/instance.rb:369:in `converge_action'
E, [2016-08-11T23:35:13.292156 #12000] ERROR -- default-centos-72: C:/opscode/chefdk/embedded/lib/ruby/gems/2.1.0/gems/test-kitchen-1.10.2/lib/kitchen/instance.rb:348:in `block in transition_to'
E, [2016-08-11T23:35:13.293110 #12000] ERROR -- default-centos-72: C:/opscode/chefdk/embedded/lib/ruby/gems/2.1.0/gems/test-kitchen-1.10.2/lib/kitchen/instance.rb:347:in `each'
E, [2016-08-11T23:35:13.293110 #12000] ERROR -- default-centos-72: C:/opscode/chefdk/embedded/lib/ruby/gems/2.1.0/gems/test-kitchen-1.10.2/lib/kitchen/instance.rb:347:in `transition_to'
E, [2016-08-11T23:35:13.293110 #12000] ERROR -- default-centos-72: C:/opscode/chefdk/embedded/lib/ruby/gems/2.1.0/gems/test-kitchen-1.10.2/lib/kitchen/instance.rb:138:in `converge'
E, [2016-08-11T23:35:13.293110 #12000] ERROR -- default-centos-72: C:/opscode/chefdk/embedded/lib/ruby/gems/2.1.0/gems/test-kitchen-1.10.2/lib/kitchen/command.rb:201:in `public_send'
E, [2016-08-11T23:35:13.293110 #12000] ERROR -- default-centos-72: C:/opscode/chefdk/embedded/lib/ruby/gems/2.1.0/gems/test-kitchen-1.10.2/lib/kitchen/command.rb:201:in `run_action_in_thread'
E, [2016-08-11T23:35:13.293110 #12000] ERROR -- default-centos-72: C:/opscode/chefdk/embedded/lib/ruby/gems/2.1.0/gems/test-kitchen-1.10.2/lib/kitchen/command.rb:173:in `block (2 levels) in run_action'
E, [2016-08-11T23:35:13.293110 #12000] ERROR -- default-centos-72: ----End Backtrace-----
E, [2016-08-11T23:35:13.294090 #12000] ERROR -- default-centos-72: ---Nested Exception---
E, [2016-08-11T23:35:13.294090 #12000] ERROR -- default-centos-72: Class: Kitchen::Transport::SshFailed
E, [2016-08-11T23:35:13.294090 #12000] ERROR -- default-centos-72: Message: SSH exited (1) for command: [sh -c '
sudo -E /opt/chef/bin/chef-client --local-mode --config /tmp/kitchen/client.rb --log_level auto --force-formatter --no-color --json-attributes /tmp/kitchen/dna.json --chef-zero-port 8889 
']
E, [2016-08-11T23:35:13.295070 #12000] ERROR -- default-centos-72: ----------------------
E, [2016-08-11T23:35:13.295070 #12000] ERROR -- default-centos-72: ------Backtrace-------
E, [2016-08-11T23:35:13.295070 #12000] ERROR -- default-centos-72: C:/opscode/chefdk/embedded/lib/ruby/gems/2.1.0/gems/test-kitchen-1.10.2/lib/kitchen/provisioner/base.rb:86:in `rescue in call'
E, [2016-08-11T23:35:13.296052 #12000] ERROR -- default-centos-72: C:/opscode/chefdk/embedded/lib/ruby/gems/2.1.0/gems/test-kitchen-1.10.2/lib/kitchen/provisioner/base.rb:89:in `call'
E, [2016-08-11T23:35:13.296052 #12000] ERROR -- default-centos-72: C:/opscode/chefdk/embedded/lib/ruby/gems/2.1.0/gems/test-kitchen-1.10.2/lib/kitchen/instance.rb:373:in `block in converge_action'
E, [2016-08-11T23:35:13.296052 #12000] ERROR -- default-centos-72: C:/opscode/chefdk/embedded/lib/ruby/gems/2.1.0/gems/test-kitchen-1.10.2/lib/kitchen/instance.rb:513:in `call'
E, [2016-08-11T23:35:13.297044 #12000] ERROR -- default-centos-72: C:/opscode/chefdk/embedded/lib/ruby/gems/2.1.0/gems/test-kitchen-1.10.2/lib/kitchen/instance.rb:513:in `synchronize_or_call'
E, [2016-08-11T23:35:13.297044 #12000] ERROR -- default-centos-72: C:/opscode/chefdk/embedded/lib/ruby/gems/2.1.0/gems/test-kitchen-1.10.2/lib/kitchen/instance.rb:478:in `block in action'
E, [2016-08-11T23:35:13.297044 #12000] ERROR -- default-centos-72: C:/opscode/chefdk/embedded/lib/ruby/2.1.0/benchmark.rb:279:in `measure'
E, [2016-08-11T23:35:13.298018 #12000] ERROR -- default-centos-72: C:/opscode/chefdk/embedded/lib/ruby/gems/2.1.0/gems/test-kitchen-1.10.2/lib/kitchen/instance.rb:477:in `action'
E, [2016-08-11T23:35:13.298018 #12000] ERROR -- default-centos-72: C:/opscode/chefdk/embedded/lib/ruby/gems/2.1.0/gems/test-kitchen-1.10.2/lib/kitchen/instance.rb:369:in `converge_action'
E, [2016-08-11T23:35:13.298018 #12000] ERROR -- default-centos-72: C:/opscode/chefdk/embedded/lib/ruby/gems/2.1.0/gems/test-kitchen-1.10.2/lib/kitchen/instance.rb:348:in `block in transition_to'
E, [2016-08-11T23:35:13.298999 #12000] ERROR -- default-centos-72: C:/opscode/chefdk/embedded/lib/ruby/gems/2.1.0/gems/test-kitchen-1.10.2/lib/kitchen/instance.rb:347:in `each'
E, [2016-08-11T23:35:13.298999 #12000] ERROR -- default-centos-72: C:/opscode/chefdk/embedded/lib/ruby/gems/2.1.0/gems/test-kitchen-1.10.2/lib/kitchen/instance.rb:347:in `transition_to'
E, [2016-08-11T23:35:13.299979 #12000] ERROR -- default-centos-72: C:/opscode/chefdk/embedded/lib/ruby/gems/2.1.0/gems/test-kitchen-1.10.2/lib/kitchen/instance.rb:138:in `converge'
E, [2016-08-11T23:35:13.299979 #12000] ERROR -- default-centos-72: C:/opscode/chefdk/embedded/lib/ruby/gems/2.1.0/gems/test-kitchen-1.10.2/lib/kitchen/command.rb:201:in `public_send'
E, [2016-08-11T23:35:13.299979 #12000] ERROR -- default-centos-72: C:/opscode/chefdk/embedded/lib/ruby/gems/2.1.0/gems/test-kitchen-1.10.2/lib/kitchen/command.rb:201:in `run_action_in_thread'
E, [2016-08-11T23:35:13.299979 #12000] ERROR -- default-centos-72: C:/opscode/chefdk/embedded/lib/ruby/gems/2.1.0/gems/test-kitchen-1.10.2/lib/kitchen/command.rb:173:in `block (2 levels) in run_action'
E, [2016-08-11T23:35:13.300988 #12000] ERROR -- default-centos-72: ----End Backtrace-----
